2026-03-09 09:55:30.938 - DBeaver 25.3.2.202601041801 is starting
2026-03-09 09:55:30.940 - OS: Windows 11 10.0 (amd64)
2026-03-09 09:55:30.940 - Java version: 21.0.8 by Eclipse Adoptium (64bit)
2026-03-09 09:55:30.941 - Install path: 'C:\dev_programs\dbeaver'
2026-03-09 09:55:30.941 - Instance path: 'file:/C:/Users/pjhyo/AppData/Roaming/DBeaverData/workspace6/'
2026-03-09 09:55:30.943 - Memory available 64Mb/1024Mb
2026-03-09 09:55:30.946 - Create display
2026-03-09 09:55:31.081 - Initialize desktop platform...
2026-03-09 09:55:31.275 - BounceCastle bundle found. Use JCE provider BC
> Start Core File Systems [org.eclipse.core.filesystem 1.11.400.v20251107-0507]
> Start Core Resource Management [org.eclipse.core.resources 3.23.100.v20251106-1705]
> Start Team Support Core [org.eclipse.team.core 3.10.900.v20251104-0924]
> Start DBeaver UI Navigator [org.jkiss.dbeaver.ui.navigator 1.0.170.202601041801]
2026-03-09 09:55:31.554 - Initialize base platform...
2026-03-09 09:55:31.572 - Platform initialized (491ms)
> Start Equinox Java Authentication and Authorization Service (JAAS) [org.eclipse.equinox.security 1.4.700.v20250622-1644]
> Start Internet Connection Management UI [org.eclipse.ui.net 1.5.500.v20250611-0855]
> Start Internet Connection Management [org.eclipse.core.net 1.5.800.v20250613-1119]
2026-03-09 09:55:31.768 - Proxy service 'org.eclipse.core.net.proxy.IProxyService' loaded
2026-03-09 09:55:31.839 - Starting instance server at http://localhost:55616
2026-03-09 09:55:31.850 - Run workbench
> Start Eclipse e4 Workbench SWT [org.eclipse.e4.ui.workbench.swt 0.17.1000.v20251023-0611]
> Start Eclipse Application Services [org.eclipse.e4.core.services 2.5.300.v20251112-1253]
> Start Eclipse UI Application Services [org.eclipse.e4.ui.services 1.6.600.v20251023-1358]
> Start Eclipse e4 Progress View [org.eclipse.e4.ui.progress 0.4.900.v20251023-1511]
> Start Eclipse Bindings Support [org.eclipse.e4.ui.bindings 0.14.800.v20250916-0937]
> Start Eclipse e4 core commands [org.eclipse.e4.core.commands 1.1.700.v20250916-0927]
> Start EMF XML/XMI Persistence [org.eclipse.emf.ecore.xmi 2.39.0.v20250910-1205]
> Start Eclipse CSS SWT Theme Support [org.eclipse.e4.ui.css.swt.theme 0.14.600.v20251023-0615]
> Start Eclipse e4 Workbench Add-ons [org.eclipse.e4.ui.workbench.addons.swt 1.5.900.v20251007-0832]
> Start Eclipse e4 Workbench SWT Renderer [org.eclipse.e4.ui.workbench.renderers.swt 0.16.1000.v20251114-0005]
> Start Eclipse Dependency Injection Extensions [org.eclipse.e4.core.di.extensions 0.18.300.v20240413-1529]
> Start DBeaver AI Model [org.jkiss.dbeaver.model.ai 2.0.13.202601041801]
> Start DBeaver AI UI [org.jkiss.dbeaver.ui.ai 1.0.72.202601041801]
> Start Eclipse CSS SWT Support [org.eclipse.e4.ui.css.swt 0.15.700.v20251023-1511]
> Start JFace Text [org.eclipse.jface.text 3.29.0.v20251112-0859]
> Start Default Text Editor [org.eclipse.ui.editors 3.20.200.v20251125-0939]
> Start Text Editor Framework [org.eclipse.ui.workbench.texteditor 3.19.400.v20251105-0815]
2026-03-09 09:55:34.430 - Configure workbench window
> Start DBeaver SQL Model [org.jkiss.dbeaver.model.sql 1.0.160.202601041801]
2026-03-09 09:55:34.461 - No SQL dialect specified for data source provider 'stream'. Use default.
2026-03-09 09:55:34.637 - Total database drivers: 127 (127)
> Start Help System Core [org.eclipse.help 3.10.600.v20250613-0437]
2026-03-09 09:55:34.734 - Create actions
2026-03-09 09:55:35.518 - Initialize workbench window
2026-03-09 09:55:35.547 - Finish initialization
> Start DBeaver UI Editors - Data [org.jkiss.dbeaver.ui.editors.data 1.0.170.202601041801]
> Start DBeaver UI Editors - SQL [org.jkiss.dbeaver.ui.editors.sql 1.0.170.202601041801]
> Start DBeaver SQL Terminal [org.jkiss.dbeaver.ui.editors.sql.terminal 1.0.146.202601041801]
> Start Core Compare Support [org.eclipse.compare.core 3.8.800.v20250718-1505]
> Start DBeaver Sample Database [org.jkiss.dbeaver.ui.config.sample 1.0.207.202601041801]
> Start DBeaver Dashboard UI [org.jkiss.dbeaver.ui.dashboard 1.0.167.202601041801]
> Start GEF Classic Draw2d [org.eclipse.draw2d 3.21.0.202512020742]
> Start GEF Classic GEF (MVC) [org.eclipse.gef 3.24.0.202511201732]
> Start DBeaver ERD UI [org.jkiss.dbeaver.ui.editors.erd 3.1.11.202601041801]
> Start DBeaver ERD Model [org.jkiss.dbeaver.model.erd 1.1.11.202601041801]
> Start DBeaver JDBC Model [org.jkiss.dbeaver.model.jdbc 1.0.63.202601041801]
> Start DBeaver Oracle Model [org.jkiss.dbeaver.ext.oracle 2.1.255.202601041801]
> Start Console [org.eclipse.ui.console 3.15.0.v20251113-1013]
> Start Debug Core [org.eclipse.debug.core 3.23.200.v20251107-0507]
> Start DBeaver SQL Language Semantic Model [org.jkiss.dbeaver.model.lsm 1.0.65.202601041801]
2026-03-09 09:55:39.176 - Connect with 'TMDB' (oracle_thin-19c9cc3edd2-602d7c173ce21f7d)
2026-03-09 09:55:39.212 - Execution context opened (TMDB; Main; 0)
2026-03-09 09:55:40.484 - Execution context opened (TMDB; Metadata; 1)
2026-03-09 09:55:40.659 - Connected (oracle_thin-19c9cc3edd2-602d7c173ce21f7d, Oracle JDBC driver [23.2.0.0.0])
> Start DBeaver Tasks - Native Tools UI [org.jkiss.dbeaver.tasks.native.ui 1.0.148.202601041801]
> Start DBeaver Oracle UI [org.jkiss.dbeaver.ext.oracle.ui 1.0.157.202601041801]
> Start DBeaver Tasks - General UI [org.jkiss.dbeaver.tasks.ui 1.0.148.202601041801]
2026-03-09 09:55:40.883 - Execution context opened (TMDB; SQLEditor <Script-1.sql>; 2)
2026-03-09 09:55:40.943 - Null current schema
2026-03-09 09:56:13.732 - Execution context closed (TMDB, 2)
2026-03-09 09:56:14.046 - Dispose navigator model
2026-03-09 09:56:14.149 - DBeaver is stopping
2026-03-09 09:56:14.151 - Stop instance server
2026-03-09 09:56:15.158 - Instance server has been stopped
2026-03-09 09:56:15.160 - DBeaver shutdown completed
