2026-03-09 09:39:39.829 - DBeaver 25.3.2.202601041801 is starting
2026-03-09 09:39:39.829 - OS: Windows 11 10.0 (amd64)
2026-03-09 09:39:39.829 - Java version: 21.0.8 by Eclipse Adoptium (64bit)
2026-03-09 09:39:39.832 - Install path: 'C:\dev_programs\dbeaver'
2026-03-09 09:39:39.832 - Instance path: 'file:/C:/dev_programs/workspace/db/DBeaverData/'
2026-03-09 09:39:39.834 - Memory available 64Mb/1024Mb
2026-03-09 09:39:39.850 - Create display
2026-03-09 09:39:40.000 - Initialize desktop platform...
2026-03-09 09:39:40.121 - BounceCastle bundle found. Use JCE provider BC
> Start Core File Systems [org.eclipse.core.filesystem 1.11.400.v20251107-0507]
> Start Core Resource Management [org.eclipse.core.resources 3.23.100.v20251106-1705]
> Start Team Support Core [org.eclipse.team.core 3.10.900.v20251104-0924]
> Start DBeaver UI Navigator [org.jkiss.dbeaver.ui.navigator 1.0.170.202601041801]
> Start JFace Text [org.eclipse.jface.text 3.29.0.v20251112-0859]
2026-03-09 09:39:40.561 - Initialize base platform...
2026-03-09 09:39:40.581 - Platform initialized (580ms)
> Start Equinox Java Authentication and Authorization Service (JAAS) [org.eclipse.equinox.security 1.4.700.v20250622-1644]
> Start Internet Connection Management UI [org.eclipse.ui.net 1.5.500.v20250611-0855]
> Start Internet Connection Management [org.eclipse.core.net 1.5.800.v20250613-1119]
2026-03-09 09:39:40.641 - Proxy service 'org.eclipse.core.net.proxy.IProxyService' loaded
2026-03-09 09:39:40.706 - Starting instance server at http://localhost:52474
2026-03-09 09:39:40.726 - Run workbench
> Start Eclipse IDE UI [org.eclipse.ui.ide 3.22.800.v20251112-0859]
> Start Eclipse e4 Workbench SWT [org.eclipse.e4.ui.workbench.swt 0.17.1000.v20251023-0611]
> Start Eclipse Application Services [org.eclipse.e4.core.services 2.5.300.v20251112-1253]
> Start Eclipse UI Application Services [org.eclipse.e4.ui.services 1.6.600.v20251023-1358]
> Start Eclipse e4 Progress View [org.eclipse.e4.ui.progress 0.4.900.v20251023-1511]
> Start Eclipse Bindings Support [org.eclipse.e4.ui.bindings 0.14.800.v20250916-0937]
> Start Eclipse e4 core commands [org.eclipse.e4.core.commands 1.1.700.v20250916-0927]
> Start EMF XML/XMI Persistence [org.eclipse.emf.ecore.xmi 2.39.0.v20250910-1205]
> Start Eclipse CSS SWT Theme Support [org.eclipse.e4.ui.css.swt.theme 0.14.600.v20251023-0615]
> Start Eclipse e4 Workbench Add-ons [org.eclipse.e4.ui.workbench.addons.swt 1.5.900.v20251007-0832]
> Start Eclipse e4 Workbench SWT Renderer [org.eclipse.e4.ui.workbench.renderers.swt 0.16.1000.v20251114-0005]
> Start Eclipse Dependency Injection Extensions [org.eclipse.e4.core.di.extensions 0.18.300.v20240413-1529]
> Start DBeaver AI Model [org.jkiss.dbeaver.model.ai 2.0.13.202601041801]
> Start DBeaver AI UI [org.jkiss.dbeaver.ui.ai 1.0.72.202601041801]
> Start Eclipse CSS SWT Support [org.eclipse.e4.ui.css.swt 0.15.700.v20251023-1511]
> Start Default Text Editor [org.eclipse.ui.editors 3.20.200.v20251125-0939]
> Start Text Editor Framework [org.eclipse.ui.workbench.texteditor 3.19.400.v20251105-0815]
2026-03-09 09:39:43.128 - Configure workbench window
> Start DBeaver SQL Model [org.jkiss.dbeaver.model.sql 1.0.160.202601041801]
2026-03-09 09:39:43.168 - No SQL dialect specified for data source provider 'stream'. Use default.
2026-03-09 09:39:43.362 - Total database drivers: 127 (127)
> Start Help System Core [org.eclipse.help 3.10.600.v20250613-0437]
2026-03-09 09:39:43.507 - Create actions
2026-03-09 09:39:45.920 - Initialize workbench window
2026-03-09 09:39:45.947 - Finish initialization
> Start DBeaver UI Editors - Data [org.jkiss.dbeaver.ui.editors.data 1.0.170.202601041801]
> Start DBeaver UI Editors - SQL [org.jkiss.dbeaver.ui.editors.sql 1.0.170.202601041801]
> Start DBeaver Dashboard UI [org.jkiss.dbeaver.ui.dashboard 1.0.167.202601041801]
> Start GEF Classic Draw2d [org.eclipse.draw2d 3.21.0.202512020742]
> Start GEF Classic GEF (MVC) [org.eclipse.gef 3.24.0.202511201732]
> Start DBeaver ERD UI [org.jkiss.dbeaver.ui.editors.erd 3.1.11.202601041801]
> Start DBeaver ERD Model [org.jkiss.dbeaver.model.erd 1.1.11.202601041801]
> Start DBeaver Sample Database [org.jkiss.dbeaver.ui.config.sample 1.0.207.202601041801]
2026-03-09 09:40:04.221 - Open [https://dbeaver.io/product/version.xml]
2026-03-09 09:40:09.395 - Dispose navigator model
2026-03-09 09:40:09.528 - DBeaver is stopping
2026-03-09 09:40:09.532 - Stop instance server
2026-03-09 09:40:10.536 - Instance server has been stopped
2026-03-09 09:40:10.537 - DBeaver shutdown completed
